[10:01:05] [Yggdrasil Key Fetcher/ERROR]: Failed to request yggdrasil public key
com.mojang.authlib.exceptions.AuthenticationUnavailableException: Cannot contact authentication server
	at com.mojang.authlib.yggdrasil.YggdrasilAuthenticationService.makeRequest(YggdrasilAuthenticationService.java:119) ~[authlib-4.0.43.jar:?]
	at com.mojang.authlib.yggdrasil.YggdrasilAuthenticationService.makeRequest(YggdrasilAuthenticationService.java:91) ~[authlib-4.0.43.jar:?]
	at com.mojang.authlib.yggdrasil.YggdrasilServicesKeyInfo.fetch(YggdrasilServicesKeyInfo.java:94) ~[authlib-4.0.43.jar:?]
	at com.mojang.authlib.yggdrasil.YggdrasilServicesKeyInfo.lambda$get$1(YggdrasilServicesKeyInfo.java:81) ~[authlib-4.0.43.jar:?]
	at java.util.concurrent.Executors$RunnableAdapter.call(Executors.java:577) ~[?:?]
	at java.util.concurrent.FutureTask.runAndReset(FutureTask.java:358) ~[?:?]
	at java.util.concurrent.ScheduledThreadPoolExecutor$ScheduledFutureTask.run(ScheduledThreadPoolExecutor.java:305) ~[?:?]
	at java.util.concurrent.ThreadPoolExecutor.runWorker(ThreadPoolExecutor.java:1144) ~[?:?]
	at java.util.concurrent.ThreadPoolExecutor$Worker.run(ThreadPoolExecutor.java:642) ~[?:?]
	at java.lang.Thread.run(Thread.java:1623) ~[?:?]
Caused by: java.net.UnknownHostException: api.minecraftservices.com
	at sun.nio.ch.NioSocketImpl.connect(NioSocketImpl.java:560) ~[?:?]
	at java.net.SocksSocketImpl.connect(SocksSocketImpl.java:327) ~[?:?]
	at java.net.Socket.connect(Socket.java:666) ~[?:?]
	at sun.security.ssl.SSLSocketImpl.connect(SSLSocketImpl.java:304) ~[?:?]
	at sun.net.NetworkClient.doConnect(NetworkClient.java:178) ~[?:?]
	at sun.net.www.http.HttpClient.openServer(HttpClient.java:532) ~[?:?]
	at sun.net.www.http.HttpClient.openServer(HttpClient.java:637) ~[?:?]
	at sun.net.www.protocol.https.HttpsClient.<init>(HttpsClient.java:264) ~[?:?]
	at sun.net.www.protocol.https.HttpsClient.New(HttpsClient.java:378) ~[?:?]
	at sun.net.www.protocol.https.AbstractDelegateHttpsURLConnection.getNewHttpClient(AbstractDelegateHttpsURLConnection.java:193) ~[?:?]
	at sun.net.www.protocol.http.HttpURLConnection.plainConnect0(HttpURLConnection.java:1286) ~[?:?]
	at sun.net.www.protocol.http.HttpURLConnection.plainConnect(HttpURLConnection.java:1127) ~[?:?]
	at sun.net.www.protocol.https.AbstractDelegateHttpsURLConnection.connect(AbstractDelegateHttpsURLConnection.java:179) ~[?:?]
	at sun.net.www.protocol.http.HttpURLConnection.getInputStream0(HttpURLConnection.java:1657) ~[?:?]
	at sun.net.www.protocol.http.HttpURLConnection.getInputStream(HttpURLConnection.java:1581) ~[?:?]
	at sun.net.www.protocol.https.HttpsURLConnectionImpl.getInputStream(HttpsURLConnectionImpl.java:224) ~[?:?]
	at com.mojang.authlib.HttpAuthenticationService.performGetRequest(HttpAuthenticationService.java:140) ~[authlib-4.0.43.jar:?]
	at com.mojang.authlib.yggdrasil.YggdrasilAuthenticationService.makeRequest(YggdrasilAuthenticationService.java:96) ~[authlib-4.0.43.jar:?]
	... 9 more
[19:40:17] [Server thread/INFO]: Stopping server
[19:40:17] [Server thread/INFO]: Saving players
[19:40:17] [Server thread/INFO]: Saving worlds
[19:40:19] [Server thread/INFO]: Saving chunks for level 'ServerLevel[world]'/minecraft:overworld
[19:40:20] [Server thread/INFO]: Saving chunks for level 'ServerLevel[world]'/minecraft:the_end
[19:40:20] [Server thread/INFO]: Saving chunks for level 'ServerLevel[world]'/minecraft:the_nether
[19:40:20] [Server thread/INFO]: ThreadedAnvilChunkStorage (world): All chunks are saved
[19:40:20] [Server thread/INFO]: ThreadedAnvilChunkStorage (DIM1): All chunks are saved
[19:40:20] [Server thread/INFO]: ThreadedAnvilChunkStorage (DIM-1): All chunks are saved
[19:40:20] [Server thread/INFO]: ThreadedAnvilChunkStorage: All dimensions are saved
